<?xml version="1.0" encoding="UTF-8" ?>
<testsuite tests="7" failures="0" name="com.atguigu.ct.common.bean.BaseDaoTest" time="0.005" errors="0" skipped="0">
  <properties>
    <property name="java.runtime.name" value="Java(TM) SE Runtime Environment"/>
    <property name="sun.boot.library.path" value="D:\develop_tools\Java\jdk1.8.0_191\jre\bin"/>
    <property name="java.vm.version" value="25.191-b12"/>
    <property name="java.vm.vendor" value="Oracle Corporation"/>
    <property name="maven.multiModuleProjectDirectory" value="D:\workspace\atguiguprojectct\atguigu-project-ct"/>
    <property name="java.vendor.url" value="http://java.oracle.com/"/>
    <property name="path.separator" value=";"/>
    <property name="guice.disable.misplaced.annotation.check" value="true"/>
    <property name="java.vm.name" value="Java HotSpot(TM) 64-Bit Server VM"/>
    <property name="file.encoding.pkg" value="sun.io"/>
    <property name="user.script" value=""/>
    <property name="user.country" value="CN"/>
    <property name="sun.java.launcher" value="SUN_STANDARD"/>
    <property name="sun.os.patch.level" value=""/>
    <property name="java.vm.specification.name" value="Java Virtual Machine Specification"/>
    <property name="user.dir" value="D:\workspace\atguiguprojectct\atguigu-project-ct"/>
    <property name="java.runtime.version" value="1.8.0_191-b12"/>
    <property name="java.awt.graphicsenv" value="sun.awt.Win32GraphicsEnvironment"/>
    <property name="java.endorsed.dirs" value="D:\develop_tools\Java\jdk1.8.0_191\jre\lib\endorsed"/>
    <property name="os.arch" value="amd64"/>
    <property name="java.io.tmpdir" value="C:\Users\ADMINI~1\AppData\Local\Temp\"/>
    <property name="line.separator" value="
"/>
    <property name="java.vm.specification.vendor" value="Oracle Corporation"/>
    <property name="user.variant" value=""/>
    <property name="os.name" value="Windows 10"/>
    <property name="maven.ext.class.path" value="D:\develop_tools\IntelliJ IDEA 2019.2.3\plugins\maven\lib\maven-event-listener.jar"/>
    <property name="archetypeCatalog" value="internal"/>
    <property name="classworlds.conf" value="D:\develop_tools\apache-maven-3.6.2\bin\m2.conf"/>
    <property name="sun.jnu.encoding" value="GBK"/>
    <property name="java.library.path" value="D:\develop_tools\Java\jdk1.8.0_191\bin;C:\windows\Sun\Java\bin;C:\windows\system32;C:\windows;C:\Program Files\VanDyke Software\Clients\;D:\develop_tools\Java\jdk1.8.0_191\bin;E:\Server\mysql57\bin;C:\windows\system32;C:\windows;C:\windows\System32\Wbem;C:\windows\System32\WindowsPowerShell\v1.0\;C:\Program Files\Microsoft SQL Server\120\Tools\Binn\;C:\Program Files\Microsoft SQL Server\130\Tools\Binn\;C:\Program Files (x86)\Windows Kits\10\Windows Performance Toolkit\;C:\Program Files (x86)\Microsoft SQL Server\110\DTS\Binn\;C:\Program Files (x86)\Microsoft SQL Server\110\Tools\Binn\;C:\Program Files (x86)\Microsoft SQL Server\110\Tools\Binn\ManagementStudio\;C:\Program Files (x86)\Microsoft Visual Studio 10.0\Common7\IDE\PrivateAssemblies\;C:\Program Files (x86)\Microsoft SDKs\TypeScript\1.0\;C:\windows\system32\config\systemprofile\.dnx\bin;C:\Program Files\Microsoft DNX\Dnvm\;C:\Program Files\MySQL\MySQL Server 5.7\bin;E:\Server\mysql57\bin;C:\Program Files (x86)\Sybase\SQL Anywhere 8\win32;C:\Program Files (x86)\Sybase\Shared\win32;C:\Program Files (x86)\Sybase\Shared\Sybase Central 4.1;C:\Program Files (x86)\Sybase\PowerDynamo\win32;C:\Program Files (x86)\Sybase\Shared\PowerBuilder;C:\soft\sqlite;D:\tomcat\apache-tomcat-9.0.22\lib;D:\tomcat\apache-tomcat-9.0.22\bin;D:\develop_tools\apache-maven-3.6.2\bin;D:\develop_tools\hadoop-2.7.2\bin;D:\develop_tools\scala-2.11.8\bin;;C:\Users\Administrator\AppData\Local\Programs\Microsoft VS Code\bin;D:\develop_tools\IntelliJ IDEA 2019.2.3\bin;;."/>
    <property name="maven.conf" value="D:\develop_tools\apache-maven-3.6.2/conf"/>
    <property name="java.specification.name" value="Java Platform API Specification"/>
    <property name="java.class.version" value="52.0"/>
    <property name="sun.management.compiler" value="HotSpot 64-Bit Tiered Compilers"/>
    <property name="maven.repo.local" value="D:\develop_tools\maven_repository"/>
    <property name="os.version" value="10.0"/>
    <property name="user.home" value="C:\Users\Administrator"/>
    <property name="user.timezone" value="Asia/Shanghai"/>
    <property name="java.awt.printerjob" value="sun.awt.windows.WPrinterJob"/>
    <property name="java.specification.version" value="1.8"/>
    <property name="file.encoding" value="UTF-8"/>
    <property name="user.name" value="Administrator"/>
    <property name="java.class.path" value="D:\develop_tools\apache-maven-3.6.2\boot\plexus-classworlds-2.6.0.jar;D:\develop_tools\IntelliJ IDEA 2019.2.3\lib\idea_rt.jar"/>
    <property name="idea.version2019.2.3" value="true"/>
    <property name="java.vm.specification.version" value="1.8"/>
    <property name="sun.arch.data.model" value="64"/>
    <property name="java.home" value="D:\develop_tools\Java\jdk1.8.0_191\jre"/>
    <property name="sun.java.command" value="org.codehaus.classworlds.Launcher -Didea.version2019.2.3 -s D:\develop_tools\apache-maven-3.6.2\conf\settings.xml -Dmaven.repo.local=D:\develop_tools\maven_repository package"/>
    <property name="java.specification.vendor" value="Oracle Corporation"/>
    <property name="user.language" value="zh"/>
    <property name="awt.toolkit" value="sun.awt.windows.WToolkit"/>
    <property name="java.vm.info" value="mixed mode"/>
    <property name="java.version" value="1.8.0_191"/>
    <property name="java.ext.dirs" value="D:\develop_tools\Java\jdk1.8.0_191\jre\lib\ext;C:\windows\Sun\Java\lib\ext"/>
    <property name="sun.boot.class.path" value="D:\develop_tools\Java\jdk1.8.0_191\jre\lib\resources.jar;D:\develop_tools\Java\jdk1.8.0_191\jre\lib\rt.jar;D:\develop_tools\Java\jdk1.8.0_191\jre\lib\sunrsasign.jar;D:\develop_tools\Java\jdk1.8.0_191\jre\lib\jsse.jar;D:\develop_tools\Java\jdk1.8.0_191\jre\lib\jce.jar;D:\develop_tools\Java\jdk1.8.0_191\jre\lib\charsets.jar;D:\develop_tools\Java\jdk1.8.0_191\jre\lib\jfr.jar;D:\develop_tools\Java\jdk1.8.0_191\jre\classes"/>
    <property name="java.vendor" value="Oracle Corporation"/>
    <property name="maven.home" value="D:\develop_tools\apache-maven-3.6.2"/>
    <property name="file.separator" value="\"/>
    <property name="java.vendor.url.bug" value="http://bugreport.sun.com/bugreport/"/>
    <property name="sun.cpu.endian" value="little"/>
    <property name="sun.io.unicode.encoding" value="UnicodeLittle"/>
    <property name="sun.desktop" value="windows"/>
    <property name="sun.cpu.isalist" value="amd64"/>
  </properties>
  <testcase classname="com.atguigu.ct.common.bean.BaseDaoTest" name="testCreateTableXX" time="0.005"/>
  <testcase classname="com.atguigu.ct.common.bean.BaseDaoTest" name="getConnection" time="0"/>
  <testcase classname="com.atguigu.ct.common.bean.BaseDaoTest" name="close" time="0"/>
  <testcase classname="com.atguigu.ct.common.bean.BaseDaoTest" name="createTableXX" time="0"/>
  <testcase classname="com.atguigu.ct.common.bean.BaseDaoTest" name="createNamespaceNX" time="0"/>
  <testcase classname="com.atguigu.ct.common.bean.BaseDaoTest" name="genSplitkeys" time="0"/>
  <testcase classname="com.atguigu.ct.common.bean.BaseDaoTest" name="getAdmin" time="0"/>
</testsuite>